Unity Editor version:    2022.3.29f1 (8d510ca76d2b)
Branch:                  2022.3/staging
Build type:              Release
Batch mode:              YES
System name:             Linux
Distro version:          #31-Ubuntu SMP PREEMPT_DYNAMIC Sat Apr 20 00:40:06 UTC 2024
Kernel version:          6.8.0-31-generic
Architecture:            x86_64
Available memory:        6865 MB
Using pre-set license
Pro License: YES

(Unity:14027): Gtk-CRITICAL **: 17:04:06.029: gtk_window_set_default_icon: assertion 'GDK_IS_PIXBUF (icon)' failed

(Unity:14027): GLib-GObject-CRITICAL **: 17:04:06.029: g_object_unref: assertion 'G_IS_OBJECT (object)' failed
Desktop is 1920 x 1080 @ 60 Hz
Initialize udev device monitor.

COMMAND LINE ARGUMENTS:
Unity
-adb2
-batchMode
-noUpm
-name
AssetImportWorker0
-projectPath
/home/ian/Documents/Blooms-and-Battles
-logFile
Logs/AssetImportWorker0.log
-srvPort
35503
Successfully changed project path to: /home/ian/Documents/Blooms-and-Battles
/home/ian/Documents/Blooms-and-Battles
[UnityMemory] Configuration Parameters - Can be set up in boot.config
    "memorysetup-bucket-allocator-granularity=16"
    "memorysetup-bucket-allocator-bucket-count=8"
    "memorysetup-bucket-allocator-block-size=33554432"
    "memorysetup-bucket-allocator-block-count=8"
    "memorysetup-main-allocator-block-size=16777216"
    "memorysetup-thread-allocator-block-size=16777216"
    "memorysetup-gfx-main-allocator-block-size=16777216"
    "memorysetup-gfx-thread-allocator-block-size=16777216"
    "memorysetup-cache-allocator-block-size=4194304"
    "memorysetup-typetree-allocator-block-size=2097152"
    "memorysetup-profiler-bucket-allocator-granularity=16"
    "memorysetup-profiler-bucket-allocator-bucket-count=8"
    "memorysetup-profiler-bucket-allocator-block-size=33554432"
    "memorysetup-profiler-bucket-allocator-block-count=8"
    "memorysetup-profiler-allocator-block-size=16777216"
    "memorysetup-profiler-editor-allocator-block-size=1048576"
    "memorysetup-temp-allocator-size-main=16777216"
    "memorysetup-job-temp-allocator-block-size=2097152"
    "memorysetup-job-temp-allocator-block-size-background=1048576"
    "memorysetup-job-temp-allocator-reduction-small-platforms=262144"
    "memorysetup-allocator-temp-initial-block-size-main=262144"
    "memorysetup-allocator-temp-initial-block-size-worker=262144"
    "memorysetup-temp-allocator-size-background-worker=32768"
    "memorysetup-temp-allocator-size-job-worker=262144"
    "memorysetup-temp-allocator-size-preload-manager=33554432"
    "memorysetup-temp-allocator-size-nav-mesh-worker=65536"
    "memorysetup-temp-allocator-size-audio-worker=65536"
    "memorysetup-temp-allocator-size-cloud-worker=32768"
    "memorysetup-temp-allocator-size-gi-baking-worker=262144"
    "memorysetup-temp-allocator-size-gfx=262144"
Player connection [128393335075840] Host "[IP] 172.16.91.237 [Port] 0 [Flags] 2 [Guid] 1718803069 [EditorId] 1718803069 [Version] 1048832 [Id] LinuxEditor(16,172.16.91.237) [Debug] 1 [PackageName] LinuxEditor [ProjectName] Editor" joined multi-casting on [225.0.0.222:54997]...

Player connection [128393335075840] Host "[IP] 172.16.91.237 [Port] 0 [Flags] 2 [Guid] 1718803069 [EditorId] 1718803069 [Version] 1048832 [Id] LinuxEditor(16,172.16.91.237) [Debug] 1 [PackageName] LinuxEditor [ProjectName] Editor" joined alternative multi-casting on [225.0.0.222:34997]...

[Physics::Module] Initialized MultithreadedJobDispatcher with 7 workers.
Refreshing native plugins compatible for Editor in 0.00 ms, found 0 plugins.
Preloading 0 native plugins for Editor in 0.00 ms.
Initialize engine version: 2022.3.29f1 (8d510ca76d2b)
[Subsystems] Discovering subsystems at path /home/ian/Unity/Hub/Editor/2022.3.29f1/Editor/Data/Resources/UnitySubsystems
[Subsystems] Discovering subsystems at path /home/ian/Documents/Blooms-and-Battles/Assets
GLX Extensions: GLX_ARB_context_flush_control GLX_ARB_create_context GLX_ARB_create_context_no_error GLX_ARB_create_context_profile GLX_ARB_create_context_robustness GLX_ARB_fbconfig_float GLX_ARB_framebuffer_sRGB GLX_ARB_get_proc_address GLX_ARB_multisample GLX_EXT_buffer_age GLX_EXT_create_context_es2_profile GLX_EXT_create_context_es_profile GLX_EXT_fbconfig_packed_float GLX_EXT_framebuffer_sRGB GLX_EXT_no_config_context GLX_EXT_swap_control GLX_EXT_swap_control_tear GLX_EXT_texture_from_pixmap GLX_EXT_visual_info GLX_EXT_visual_rating GLX_MESA_copy_sub_buffer GLX_MESA_gl_interop GLX_MESA_query_renderer GLX_MESA_swap_control GLX_OML_sync_control GLX_SGIS_multisample GLX_SGIX_fbconfig GLX_SGIX_pbuffer GLX_SGIX_visual_select_group GLX_SGI_make_current_read GLX_SGI_video_sync 
Renderer: AMD Radeon Vega 8 Graphics (radeonsi, raven, LLVM 17.0.6, DRM 3.57, 6.8.0-31-generic)
Vendor:   AMD
Version:  4.6 (Core Profile) Mesa 24.0.5-1ubuntu1
GLES:     0
 GL_AMD_conservative_depth GL_AMD_depth_clamp_separate GL_AMD_draw_buffers_blend GL_AMD_framebuffer_multisample_advanced GL_AMD_gpu_shader_int64 GL_AMD_multi_draw_indirect GL_AMD_performance_monitor GL_AMD_pinned_memory GL_AMD_query_buffer_object GL_AMD_seamless_cubemap_per_texture GL_AMD_shader_stencil_export GL_AMD_shader_trinary_minmax GL_AMD_texture_texture4 GL_AMD_vertex_shader_layer GL_AMD_vertex_shader_viewport_index GL_ANGLE_texture_compression_dxt3 GL_ANGLE_texture_compression_dxt5 GL_ARB_ES2_compatibility GL_ARB_ES3_1_compatibility GL_ARB_ES3_2_compatibility GL_ARB_ES3_compatibility GL_ARB_arrays_of_arrays GL_ARB_base_instance GL_ARB_bindless_texture GL_ARB_blend_func_extended GL_ARB_buffer_storage GL_ARB_clear_buffer_object GL_ARB_clear_texture GL_ARB_clip_control GL_ARB_color_buffer_float GL_ARB_compressed_texture_pixel_storage GL_ARB_compute_shader GL_ARB_compute_variable_group_size GL_ARB_conditional_render_inverted GL_ARB_conservative_depth GL_ARB_copy_buffer GL_ARB_copy_image GL_ARB_cull_dist
ance GL_ARB_debug_output GL_ARB_depth_buffer_float GL_ARB_depth_clamp GL_ARB_derivative_control GL_ARB_direct_state_access GL_ARB_draw_buffers GL_ARB_draw_buffers_blend GL_ARB_draw_elements_base_vertex GL_ARB_draw_indirect GL_ARB_draw_instanced GL_ARB_enhanced_layouts GL_ARB_explicit_attrib_location GL_ARB_explicit_uniform_location GL_ARB_fragment_coord_conventions GL_ARB_fragment_layer_viewport GL_ARB_fragment_shader GL_ARB_framebuffer_no_attachments GL_ARB_framebuffer_object GL_ARB_framebuffer_sRGB GL_ARB_get_program_binary GL_ARB_get_texture_sub_image GL_ARB_gl_spirv GL_ARB_gpu_shader5 GL_ARB_gpu_shader_fp64 GL_ARB_gpu_shader_int64 GL_ARB_half_float_pixel GL_ARB_half_float_vertex GL_ARB_indirect_parameters GL_ARB_instanced_arrays GL_ARB_internalformat_query GL_ARB_internalformat_query2 GL_ARB_invalidate_subdata GL_ARB_map_buffer_alignment GL_ARB_map_buffer_range GL_ARB_multi_bind GL_ARB_multi_draw_indirect GL_ARB_occlusion_query2 GL_ARB_parallel_shader_compile GL_ARB_pipeline_statistics_query GL_ARB_pixel
_buffer_object GL_ARB_point_sprite GL_ARB_polygon_offset_clamp GL_ARB_program_interface_query GL_ARB_provoking_vertex GL_ARB_query_buffer_object GL_ARB_robust_buffer_access_behavior GL_ARB_robustness GL_ARB_sample_shading GL_ARB_sampler_objects GL_ARB_seamless_cube_map GL_ARB_seamless_cubemap_per_texture GL_ARB_separate_shader_objects GL_ARB_shader_atomic_counter_ops GL_ARB_shader_atomic_counters GL_ARB_shader_ballot GL_ARB_shader_bit_encoding GL_ARB_shader_clock GL_ARB_shader_draw_parameters GL_ARB_shader_group_vote GL_ARB_shader_image_load_store GL_ARB_shader_image_size GL_ARB_shader_objects GL_ARB_shader_precision GL_ARB_shader_stencil_export GL_ARB_shader_storage_buffer_object GL_ARB_shader_subroutine GL_ARB_shader_texture_image_samples GL_ARB_shader_texture_lod GL_ARB_shader_viewport_layer_array GL_ARB_shading_language_420pack GL_ARB_shading_language_include GL_ARB_shading_language_packing GL_ARB_sparse_buffer GL_ARB_sparse_texture GL_ARB_sparse_texture2 GL_ARB_sparse_texture_clamp GL_ARB_spirv_extensio
ns GL_ARB_stencil_texturing GL_ARB_sync GL_ARB_tessellation_shader GL_ARB_texture_barrier GL_ARB_texture_border_clamp GL_ARB_texture_buffer_object GL_ARB_texture_buffer_object_rgb32 GL_ARB_texture_buffer_range GL_ARB_texture_compression_bptc GL_ARB_texture_compression_rgtc GL_ARB_texture_cube_map_array GL_ARB_texture_filter_anisotropic GL_ARB_texture_float GL_ARB_texture_gather GL_ARB_texture_mirror_clamp_to_edge GL_ARB_texture_multisample GL_ARB_texture_non_power_of_two GL_ARB_texture_query_levels GL_ARB_texture_query_lod GL_ARB_texture_rectangle GL_ARB_texture_rg GL_ARB_texture_rgb10_a2ui GL_ARB_texture_stencil8 GL_ARB_texture_storage GL_ARB_texture_storage_multisample GL_ARB_texture_swizzle GL_ARB_texture_view GL_ARB_timer_query GL_ARB_transform_feedback2 GL_ARB_transform_feedback3 GL_ARB_transform_feedback_instanced GL_ARB_transform_feedback_overflow_query GL_ARB_uniform_buffer_object GL_ARB_vertex_array_bgra GL_ARB_vertex_array_object GL_ARB_vertex_attrib_64bit GL_ARB_vertex_attrib_binding GL_ARB_vertex
_buffer_object GL_ARB_vertex_shader GL_ARB_vertex_type_10f_11f_11f_rev GL_ARB_vertex_type_2_10_10_10_rev GL_ARB_viewport_array GL_ATI_blend_equation_separate GL_ATI_meminfo GL_ATI_texture_float GL_ATI_texture_mirror_once GL_EXT_EGL_image_storage GL_EXT_EGL_sync GL_EXT_abgr GL_EXT_blend_equation_separate GL_EXT_debug_label GL_EXT_demote_to_helper_invocation GL_EXT_depth_bounds_test GL_EXT_draw_buffers2 GL_EXT_draw_instanced GL_EXT_framebuffer_blit GL_EXT_framebuffer_multisample GL_EXT_framebuffer_multisample_blit_scaled GL_EXT_framebuffer_object GL_EXT_framebuffer_sRGB GL_EXT_memory_object GL_EXT_memory_object_fd GL_EXT_packed_depth_stencil GL_EXT_packed_float GL_EXT_pixel_buffer_object GL_EXT_polygon_offset_clamp GL_EXT_provoking_vertex GL_EXT_semaphore GL_EXT_semaphore_fd GL_EXT_shader_image_load_formatted GL_EXT_shader_image_load_store GL_EXT_shader_integer_mix GL_EXT_shader_samples_identical GL_EXT_texture_array GL_EXT_texture_compression_dxt1 GL_EXT_texture_compression_rgtc GL_EXT_texture_compression_s3t
c GL_EXT_texture_filter_anisotropic GL_EXT_texture_integer GL_EXT_texture_mirror_clamp GL_EXT_texture_sRGB GL_EXT_texture_sRGB_R8 GL_EXT_texture_sRGB_decode GL_EXT_texture_shadow_lod GL_EXT_texture_shared_exponent GL_EXT_texture_snorm GL_EXT_texture_swizzle GL_EXT_timer_query GL_EXT_transform_feedback GL_EXT_vertex_array_bgra GL_EXT_vertex_attrib_64bit GL_EXT_window_rectangles GL_IBM_multimode_draw_arrays GL_INTEL_blackhole_render GL_KHR_blend_equation_advanced GL_KHR_context_flush_control GL_KHR_debug GL_KHR_no_error GL_KHR_parallel_shader_compile GL_KHR_robust_buffer_access_behavior GL_KHR_robustness GL_KHR_texture_compression_astc_ldr GL_KHR_texture_compression_astc_sliced_3d GL_MESA_framebuffer_flip_y GL_MESA_pack_invert GL_MESA_shader_integer_functions GL_MESA_texture_const_bandwidth GL_MESA_texture_signed_rgba GL_NVX_gpu_memory_info GL_NV_alpha_to_coverage_dither_control GL_NV_compute_shader_derivatives GL_NV_conditional_render GL_NV_copy_image GL_NV_depth_clamp GL_NV_packed_depth_stencil GL_NV_shader_
atomic_int64 GL_NV_texture_barrier GL_NV_vdpau_interop GL_OES_EGL_image GL_S3_s3tc
OPENGL LOG: Creating OpenGL 4.6 graphics device ; Context level  <OpenGL 4.5> ; Context handle -1963894720
Initialize mono
Mono path[0] = '/home/ian/Unity/Hub/Editor/2022.3.29f1/Editor/Data/Managed'
Mono path[1] = '/home/ian/Unity/Hub/Editor/2022.3.29f1/Editor/Data/MonoBleedingEdge/lib/mono/unityjit-linux'
Mono config path = '/home/ian/Unity/Hub/Editor/2022.3.29f1/Editor/Data/MonoBleedingEdge/etc'
Using monoOptions --debugger-agent=transport=dt_socket,embedding=1,server=y,suspend=n,address=127.0.0.1:56027
Begin MonoManager ReloadAssembly
Registering precompiled unity dll's ...
Register platform support module: /home/ian/Unity/Hub/Editor/2022.3.29f1/Editor/Data/PlaybackEngines/WebGLSupport/UnityEditor.WebGL.Extensions.dll
Register platform support module: /home/ian/Unity/Hub/Editor/2022.3.29f1/Editor/Data/PlaybackEngines/WindowsStandaloneSupport/UnityEditor.WindowsStandalone.Extensions.dll
Register platform support module: /home/ian/Unity/Hub/Editor/2022.3.29f1/Editor/Data/PlaybackEngines/LinuxStandaloneSupport/UnityEditor.LinuxStandalone.Extensions.dll
Registered in 0.024216 seconds.
- Loaded All Assemblies, in  0.782 seconds
Native extension for LinuxStandalone target not found
Native extension for WindowsStandalone target not found
Native extension for WebGL target not found
Mono: successfully reloaded assembly
- Finished resetting the current domain, in  0.682 seconds
Domain Reload Profiling: 1464ms
	BeginReloadAssembly (169ms)
		ExecutionOrderSort (0ms)
		DisableScriptedObjects (0ms)
		BackupInstance (0ms)
		ReleaseScriptingObjects (0ms)
		CreateAndSetChildDomain (2ms)
	RebuildCommonClasses (90ms)
	RebuildNativeTypeToScriptingClass (24ms)
	initialDomainReloadingComplete (157ms)
	LoadAllAssembliesAndSetupDomain (342ms)
		LoadAssemblies (168ms)
		RebuildTransferFunctionScriptingTraits (0ms)
		AnalyzeDomain (337ms)
			TypeCache.Refresh (334ms)
				TypeCache.ScanAssembly (306ms)
			ScanForSourceGeneratedMonoScriptInfo (1ms)
			ResolveRequiredComponents (1ms)
	FinalizeReload (683ms)
		ReleaseScriptCaches (0ms)
		RebuildScriptCaches (0ms)
		SetupLoadedEditorAssemblies (534ms)
			LogAssemblyErrors (0ms)
			InitializePlatformSupportModulesInManaged (33ms)
			SetLoadedEditorAssemblies (12ms)
			RefreshPlugins (0ms)
			BeforeProcessingInitializeOnLoad (5ms)
			ProcessInitializeOnLoadAttributes (359ms)
			ProcessInitializeOnLoadMethodAttributes (124ms)
			AfterProcessingInitializeOnLoad (0ms)
			EditorAssembliesLoaded (0ms)
		ExecutionOrderSort2 (0ms)
		AwakeInstancesAfterBackupRestoration (0ms)
========================================================================
Worker process is ready to serve import requests
Begin MonoManager ReloadAssembly
- Loaded All Assemblies, in  0.430 seconds
Refreshing native plugins compatible for Editor in 0.00 ms, found 0 plugins.
OnLevelWasLoaded was found on MusicManager
This message has been deprecated and will be removed in a later version of Unity.
Add a delegate to SceneManager.sceneLoaded instead to get notifications after scene loading has completed
Native extension for LinuxStandalone target not found
Native extension for WindowsStandalone target not found
Native extension for WebGL target not found
Mono: successfully reloaded assembly
- Finished resetting the current domain, in  0.808 seconds
Domain Reload Profiling: 1238ms
	BeginReloadAssembly (255ms)
		ExecutionOrderSort (0ms)
		DisableScriptedObjects (12ms)
		BackupInstance (0ms)
		ReleaseScriptingObjects (0ms)
		CreateAndSetChildDomain (50ms)
	RebuildCommonClasses (78ms)
	RebuildNativeTypeToScriptingClass (19ms)
	initialDomainReloadingComplete (50ms)
	LoadAllAssembliesAndSetupDomain (28ms)
		LoadAssemblies (123ms)
		RebuildTransferFunctionScriptingTraits (0ms)
		AnalyzeDomain (22ms)
			TypeCache.Refresh (13ms)
				TypeCache.ScanAssembly (6ms)
			ScanForSourceGeneratedMonoScriptInfo (3ms)
			ResolveRequiredComponents (4ms)
	FinalizeReload (809ms)
		ReleaseScriptCaches (0ms)
		RebuildScriptCaches (0ms)
		SetupLoadedEditorAssemblies (487ms)
			LogAssemblyErrors (0ms)
			InitializePlatformSupportModulesInManaged (32ms)
			SetLoadedEditorAssemblies (14ms)
			RefreshPlugins (0ms)
			BeforeProcessingInitializeOnLoad (77ms)
			ProcessInitializeOnLoadAttributes (312ms)
			ProcessInitializeOnLoadMethodAttributes (39ms)
			AfterProcessingInitializeOnLoad (12ms)
			EditorAssembliesLoaded (0ms)
		ExecutionOrderSort2 (0ms)
		AwakeInstancesAfterBackupRestoration (15ms)
Launched and connected shader compiler UnityShaderCompiler after 0.03 seconds
Refreshing native plugins compatible for Editor in 0.01 ms, found 0 plugins.
Preloading 0 native plugins for Editor in 0.00 ms.
Unloading 244 Unused Serialized files (Serialized files now loaded: 0)
Unloading 3 unused Assets / (39.8 KB). Loaded Objects now: 713.
Memory consumption went from 49.0 MB to 48.9 MB.
Total: 7.022612 ms (FindLiveObjects: 0.105698 ms CreateObjectMapping: 0.019667 ms MarkObjects: 6.667296 ms  DeleteObjects: 0.227386 ms)

AssetImportParameters requested are different than current active one (requested -> active):
  custom:video-encoder-webm-vp8: eb34c28f22e8b96e1ab97ce403110664 -> 
  custom:video-decoder-webm-vp8: 9c59270c3fd7afecdb556c50c9e8de78 -> 
  custom:audio-decoder-ogg-vorbis: bf7c407c2cedff20999df2af8eb42d56 -> 
  custom:video-decoder-ogg-theora: a1e56fd34408186e4bbccfd4996cb3dc -> 
  custom:audio-encoder-webm-vorbis: bf7c407c2cedff20999df2af8eb42d56 -> 
  custom:container-demuxer-webm: 4f35f7cbe854078d1ac9338744f61a02 -> 
  custom:SearchIndexIgnoredProperties: e643bd26f0fe6173181afceb89e7c659 -> 
  custom:container-muxer-webm: aa71ff27fc2769a1b78a27578f13a17b -> 
  custom:container-demuxer-ogg: 62fdf1f143b41e24485cea50d1cbac27 -> 
  custom:AudioImporter_EditorPlatform: 2f0ff77a95e0ac474e3e8eeba4e2f7cb -> 
  custom:CustomObjectIndexerAttribute: 232f87dd983dbecb2a4e21e08eb2cef8 -> 
========================================================================
Received Prepare
Begin MonoManager ReloadAssembly
- Loaded All Assemblies, in  0.380 seconds
Refreshing native plugins compatible for Editor in 0.00 ms, found 0 plugins.
Native extension for LinuxStandalone target not found
Native extension for WindowsStandalone target not found
Native extension for WebGL target not found
Mono: successfully reloaded assembly
- Finished resetting the current domain, in  0.760 seconds
Domain Reload Profiling: 1140ms
	BeginReloadAssembly (221ms)
		ExecutionOrderSort (0ms)
		DisableScriptedObjects (12ms)
		BackupInstance (0ms)
		ReleaseScriptingObjects (0ms)
		CreateAndSetChildDomain (43ms)
	RebuildCommonClasses (74ms)
	RebuildNativeTypeToScriptingClass (18ms)
	initialDomainReloadingComplete (51ms)
	LoadAllAssembliesAndSetupDomain (16ms)
		LoadAssemblies (124ms)
		RebuildTransferFunctionScriptingTraits (0ms)
		AnalyzeDomain (11ms)
			TypeCache.Refresh (5ms)
				TypeCache.ScanAssembly (0ms)
			ScanForSourceGeneratedMonoScriptInfo (0ms)
			ResolveRequiredComponents (4ms)
	FinalizeReload (761ms)
		ReleaseScriptCaches (0ms)
		RebuildScriptCaches (0ms)
		SetupLoadedEditorAssemblies (459ms)
			LogAssemblyErrors (0ms)
			InitializePlatformSupportModulesInManaged (27ms)
			SetLoadedEditorAssemblies (13ms)
			RefreshPlugins (0ms)
			BeforeProcessingInitializeOnLoad (70ms)
			ProcessInitializeOnLoadAttributes (298ms)
			ProcessInitializeOnLoadMethodAttributes (40ms)
			AfterProcessingInitializeOnLoad (12ms)
			EditorAssembliesLoaded (0ms)
		ExecutionOrderSort2 (0ms)
		AwakeInstancesAfterBackupRestoration (15ms)
OnLevelWasLoaded was found on MusicManager
This message has been deprecated and will be removed in a later version of Unity.
Add a delegate to SceneManager.sceneLoaded instead to get notifications after scene loading has completed
Refreshing native plugins compatible for Editor in 0.00 ms, found 0 plugins.
Preloading 0 native plugins for Editor in 0.00 ms.
Unloading 239 Unused Serialized files (Serialized files now loaded: 0)
Unloading 1 unused Assets / (22.7 KB). Loaded Objects now: 713.
Memory consumption went from 48.5 MB to 48.4 MB.
Total: 5.238706 ms (FindLiveObjects: 0.094197 ms CreateObjectMapping: 0.017573 ms MarkObjects: 5.085639 ms  DeleteObjects: 0.038462 ms)

Prepare: number of updated asset objects reloaded= 0
AssetImportParameters requested are different than current active one (requested -> active):
  custom:video-encoder-webm-vp8: eb34c28f22e8b96e1ab97ce403110664 -> 
  custom:video-decoder-webm-vp8: 9c59270c3fd7afecdb556c50c9e8de78 -> 
  custom:audio-decoder-ogg-vorbis: bf7c407c2cedff20999df2af8eb42d56 -> 
  custom:video-decoder-ogg-theora: a1e56fd34408186e4bbccfd4996cb3dc -> 
  custom:audio-encoder-webm-vorbis: bf7c407c2cedff20999df2af8eb42d56 -> 
  custom:container-demuxer-webm: 4f35f7cbe854078d1ac9338744f61a02 -> 
  custom:SearchIndexIgnoredProperties: e643bd26f0fe6173181afceb89e7c659 -> 
  custom:container-muxer-webm: aa71ff27fc2769a1b78a27578f13a17b -> 
  custom:container-demuxer-ogg: 62fdf1f143b41e24485cea50d1cbac27 -> 
  custom:AudioImporter_EditorPlatform: 2f0ff77a95e0ac474e3e8eeba4e2f7cb -> 
  custom:CustomObjectIndexerAttribute: 232f87dd983dbecb2a4e21e08eb2cef8 -> 
========================================================================
Received Import Request.
  Time since last request: 4051.170266 seconds.
  path: Assets/_Scenes/00 Splash.unity
  artifactKey: Guid(21ce56ac4a4d8452f9e40ac250eb94c1) Importer(815301076,1909f56bfc062723c751e8b465ee728b)
Start importing Assets/_Scenes/00 Splash.unity using Guid(21ce56ac4a4d8452f9e40ac250eb94c1) Importer(815301076,1909f56bfc062723c751e8b465ee728b)  -> (artifact id: 'be1d2016be99011b025362bf649d9f28') in 0.004321 seconds
Number of updated asset objects reloaded before import = 0
Number of asset objects unloaded after import = 0
========================================================================
Received Import Request.
  Time since last request: 8.260498 seconds.
  path: Assets/Animations/Fade In.anim
  artifactKey: Guid(61ceb6cbff92a4d768f6f7a559773ccc) Importer(2089858483,0ecaa5967403d082aa24f35e1b516d23)
Start importing Assets/Animations/Fade In.anim using Guid(61ceb6cbff92a4d768f6f7a559773ccc) Importer(2089858483,0ecaa5967403d082aa24f35e1b516d23)  -> (artifact id: 'a17f422919103695f13344e07f3723d2') in 0.223570 seconds
Number of updated asset objects reloaded before import = 0
Number of asset objects unloaded after import = 1
========================================================================
Received Import Request.
  Time since last request: 0.000066 seconds.
  path: Assets/Animations/Gravestone/gravestone attacked.anim
  artifactKey: Guid(e01c20d0e52fc475b976869e8ef0409e) Importer(2089858483,0ecaa5967403d082aa24f35e1b516d23)
Start importing Assets/Animations/Gravestone/gravestone attacked.anim using Guid(e01c20d0e52fc475b976869e8ef0409e) Importer(2089858483,0ecaa5967403d082aa24f35e1b516d23)  -> (artifact id: 'cf213aa401e1dd8b1b2319cb5d300996') in 0.006541 seconds
Number of updated asset objects reloaded before import = 0
Number of asset objects unloaded after import = 1
========================================================================
Received Import Request.
  Time since last request: 0.000073 seconds.
  path: Assets/Animations/Cactus/cactus attack.anim
  artifactKey: Guid(53d58f5a17c6141bb8a02fd1c60a7bca) Importer(2089858483,0ecaa5967403d082aa24f35e1b516d23)
Start importing Assets/Animations/Cactus/cactus attack.anim using Guid(53d58f5a17c6141bb8a02fd1c60a7bca) Importer(2089858483,0ecaa5967403d082aa24f35e1b516d23)  -> (artifact id: 'f0552823e864840c7ff4b56abd069e2f') in 0.009063 seconds
Number of updated asset objects reloaded before import = 0
Number of asset objects unloaded after import = 1
========================================================================
Received Import Request.
  Time since last request: 0.000058 seconds.
  path: Assets/Prefabs/Defenders/Cactus.prefab
  artifactKey: Guid(8d2066ec7fede4a8387927e8df631e60) Importer(2089858483,0ecaa5967403d082aa24f35e1b516d23)
Start importing Assets/Prefabs/Defenders/Cactus.prefab using Guid(8d2066ec7fede4a8387927e8df631e60) Importer(2089858483,0ecaa5967403d082aa24f35e1b516d23)  -> (artifact id: '849554a92b934c4a0071e466a30d76a4') in 0.111381 seconds
Number of updated asset objects reloaded before import = 0
Number of asset objects unloaded after import = 36
========================================================================
Received Import Request.
  Time since last request: 0.000028 seconds.
  path: Assets/Scripts/Lizard.cs
  artifactKey: Guid(c46beef769d12408b82ee0447ffda9bf) Importer(2089858483,0ecaa5967403d082aa24f35e1b516d23)
Start importing Assets/Scripts/Lizard.cs using Guid(c46beef769d12408b82ee0447ffda9bf) Importer(2089858483,0ecaa5967403d082aa24f35e1b516d23)  -> (artifact id: '7f7ffa2d4af208393194673c4c70457d') in 0.007214 seconds
Number of updated asset objects reloaded before import = 0
Number of asset objects unloaded after import = 1
========================================================================
Received Import Request.
  Time since last request: 0.000059 seconds.
  path: Assets/Prefabs/Start Button.prefab
  artifactKey: Guid(f37a01d8d8fd644e585e874d6c44f61b) Importer(2089858483,0ecaa5967403d082aa24f35e1b516d23)
Start importing Assets/Prefabs/Start Button.prefab using Guid(f37a01d8d8fd644e585e874d6c44f61b) Importer(2089858483,0ecaa5967403d082aa24f35e1b516d23)  -> (artifact id: 'be97094f874e3b257042acab0dca06f5') in 0.080056 seconds
Number of updated asset objects reloaded before import = 0
Number of asset objects unloaded after import = 13
========================================================================
Received Import Request.
  Time since last request: 0.000046 seconds.
  path: Assets/Animations/Lizard/lizard attacking.anim
  artifactKey: Guid(19ea1d7c88676493792a54b4b8dd2c50) Importer(2089858483,0ecaa5967403d082aa24f35e1b516d23)
Start importing Assets/Animations/Lizard/lizard attacking.anim using Guid(19ea1d7c88676493792a54b4b8dd2c50) Importer(2089858483,0ecaa5967403d082aa24f35e1b516d23)  -> (artifact id: '85f162c8a8c55f40fe468a8fba45651a') in 0.007295 seconds
Number of updated asset objects reloaded before import = 0
Number of asset objects unloaded after import = 1
========================================================================
Received Import Request.
  Time since last request: 0.000069 seconds.
  path: Assets/Prefabs/Level Canvas.prefab
  artifactKey: Guid(e2114952e48a845cd86a564a272f1cd9) Importer(2089858483,0ecaa5967403d082aa24f35e1b516d23)
Start importing Assets/Prefabs/Level Canvas.prefab using Guid(e2114952e48a845cd86a564a272f1cd9) Importer(2089858483,0ecaa5967403d082aa24f35e1b516d23)  -> (artifact id: '03f4234363f38e1506c5c1f65941ef9a') in 0.033252 seconds
Number of updated asset objects reloaded before import = 0
Number of asset objects unloaded after import = 56
========================================================================
Received Import Request.
  Time since last request: 0.000028 seconds.
  path: Assets/Animations/Fox/walk.png
  artifactKey: Guid(63b6e8cb164fc4d66a085344d8327ce4) Importer(2089858483,0ecaa5967403d082aa24f35e1b516d23)
Start importing Assets/Animations/Fox/walk.png using Guid(63b6e8cb164fc4d66a085344d8327ce4) Importer(2089858483,0ecaa5967403d082aa24f35e1b516d23)  -> (artifact id: 'bfe6e11ce6c0459874914a8ac13b6ee6') in 0.205218 seconds
Number of updated asset objects reloaded before import = 0
Number of asset objects unloaded after import = 26
========================================================================
Received Import Request.
  Time since last request: 0.000065 seconds.
  path: Assets/Scripts/Fox.cs
  artifactKey: Guid(00374b7ec2d1341dd95e0716883feccd) Importer(2089858483,0ecaa5967403d082aa24f35e1b516d23)
Start importing Assets/Scripts/Fox.cs using Guid(00374b7ec2d1341dd95e0716883feccd) Importer(2089858483,0ecaa5967403d082aa24f35e1b516d23)  -> (artifact id: '61c8b4b9b5bb1c844acc6fb498fc8921') in 0.005802 seconds
Number of updated asset objects reloaded before import = 0
Number of asset objects unloaded after import = 1
========================================================================
Received Import Request.
  Time since last request: 0.000077 seconds.
  path: Assets/Animations/Projectiles/_axe.controller
  artifactKey: Guid(562553a2f23a34142b1287c3662dacc1) Importer(2089858483,0ecaa5967403d082aa24f35e1b516d23)
Start importing Assets/Animations/Projectiles/_axe.controller using Guid(562553a2f23a34142b1287c3662dacc1) Importer(2089858483,0ecaa5967403d082aa24f35e1b516d23)  -> (artifact id: '6eda3ed52d0055378dc4ed2c1489f067') in 0.004852 seconds
Number of updated asset objects reloaded before import = 0
Number of asset objects unloaded after import = 4
========================================================================
Received Import Request.
  Time since last request: 0.000042 seconds.
  path: Assets/_Scenes/03a Win.unity
  artifactKey: Guid(04c0330bcf5e4476ead73f8532be331b) Importer(2089858483,0ecaa5967403d082aa24f35e1b516d23)
Start importing Assets/_Scenes/03a Win.unity using Guid(04c0330bcf5e4476ead73f8532be331b) Importer(2089858483,0ecaa5967403d082aa24f35e1b516d23)  -> (artifact id: 'cc7aabfd199216234c0e2145ac8b4461') in 0.002880 seconds
Number of updated asset objects reloaded before import = 0
Number of asset objects unloaded after import = 1
========================================================================
Received Import Request.
  Time since last request: 0.000077 seconds.
  path: Assets/Animations/Star Trophy/star.png
  artifactKey: Guid(9832dffb363c5474e8a893b387bc3708) Importer(2089858483,0ecaa5967403d082aa24f35e1b516d23)
Start importing Assets/Animations/Star Trophy/star.png using Guid(9832dffb363c5474e8a893b387bc3708) Importer(2089858483,0ecaa5967403d082aa24f35e1b516d23)  -> (artifact id: '27cf834454be8ab8a1afd95817131f8b') in 0.024298 seconds
Number of updated asset objects reloaded before import = 0
Number of asset objects unloaded after import = 3
========================================================================
Received Import Request.
  Time since last request: 0.000031 seconds.
  path: Assets/Prefabs/Shredder.prefab
  artifactKey: Guid(995585b2158804b4da39a21ce573db5e) Importer(2089858483,0ecaa5967403d082aa24f35e1b516d23)
Start importing Assets/Prefabs/Shredder.prefab using Guid(995585b2158804b4da39a21ce573db5e) Importer(2089858483,0ecaa5967403d082aa24f35e1b516d23)  -> (artifact id: 'a20cdbb980d2930a819a475dac5666af') in 0.006088 seconds
Number of updated asset objects reloaded before import = 0
Number of asset objects unloaded after import = 6
========================================================================
Received Import Request.
  Time since last request: 0.000036 seconds.
  path: Assets/Animations/Projectiles/_courgette.controller
  artifactKey: Guid(085324e2a28ac4892874479209fddf03) Importer(2089858483,0ecaa5967403d082aa24f35e1b516d23)
Start importing Assets/Animations/Projectiles/_courgette.controller using Guid(085324e2a28ac4892874479209fddf03) Importer(2089858483,0ecaa5967403d082aa24f35e1b516d23)  -> (artifact id: '3f06d82a4561ae512e3016476946b62f') in 0.005413 seconds
Number of updated asset objects reloaded before import = 0
Number of asset objects unloaded after import = 4
========================================================================
Received Import Request.
  Time since last request: 0.000025 seconds.
  path: Assets/Prefabs/Buttons.prefab
  artifactKey: Guid(256028d06a9ce43d38b3bb3f32fd1c34) Importer(2089858483,0ecaa5967403d082aa24f35e1b516d23)
Start importing Assets/Prefabs/Buttons.prefab using Guid(256028d06a9ce43d38b3bb3f32fd1c34) Importer(2089858483,0ecaa5967403d082aa24f35e1b516d23)  -> (artifact id: '584771c30c10b7e00c6d2d78373724a7') in 0.027941 seconds
Number of updated asset objects reloaded before import = 0
Number of asset objects unloaded after import = 88
========================================================================
Received Import Request.
  Time since last request: 0.000034 seconds.
  path: Assets/Scripts/Projectile.cs
  artifactKey: Guid(91dd79b7076fe4b9cb5aaa7404b53904) Importer(2089858483,0ecaa5967403d082aa24f35e1b516d23)
Start importing Assets/Scripts/Projectile.cs using Guid(91dd79b7076fe4b9cb5aaa7404b53904) Importer(2089858483,0ecaa5967403d082aa24f35e1b516d23)  -> (artifact id: 'b0e8fa19719c8579863f59c2ed8a869a') in 0.004669 seconds
Number of updated asset objects reloaded before import = 0
Number of asset objects unloaded after import = 1
========================================================================
Received Import Request.
  Time since last request: 0.000118 seconds.
  path: Assets/Scripts/OptionsController.cs
  artifactKey: Guid(c49fb688014534eac84c49e8352e4565) Importer(2089858483,0ecaa5967403d082aa24f35e1b516d23)
Start importing Assets/Scripts/OptionsController.cs using Guid(c49fb688014534eac84c49e8352e4565) Importer(2089858483,0ecaa5967403d082aa24f35e1b516d23)  -> (artifact id: '0bf6e389ef6000addfd952b334b05f2c') in 0.004854 seconds
Number of updated asset objects reloaded before import = 0
Number of asset objects unloaded after import = 1
========================================================================
Received Import Request.
  Time since last request: 0.000069 seconds.
  path: Assets/Animations/Gnome/gnome firing.anim
  artifactKey: Guid(66de3717f1cbb48f8a59c739b84f6d5d) Importer(2089858483,0ecaa5967403d082aa24f35e1b516d23)
Start importing Assets/Animations/Gnome/gnome firing.anim using Guid(66de3717f1cbb48f8a59c739b84f6d5d) Importer(2089858483,0ecaa5967403d082aa24f35e1b516d23)  -> (artifact id: '7252d4ac1398608648b2b140e71d2172') in 0.006879 seconds
Number of updated asset objects reloaded before import = 0
Number of asset objects unloaded after import = 1
========================================================================
Received Import Request.
  Time since last request: 0.000056 seconds.
  path: Assets/Images/npc_fox_fox_orangeFox_x1_iconic_png_1354839585.png
  artifactKey: Guid(b54638190de424e76853b29492a839b1) Importer(815301076,1909f56bfc062723c751e8b465ee728b)
Start importing Assets/Images/npc_fox_fox_orangeFox_x1_iconic_png_1354839585.png using Guid(b54638190de424e76853b29492a839b1) Importer(815301076,1909f56bfc062723c751e8b465ee728b)  -> (artifact id: '1d3834649352c2e683747ffd40b00ff7') in 0.116464 seconds
Number of updated asset objects reloaded before import = 0
Number of asset objects unloaded after import = 2
========================================================================
Received Import Request.
  Time since last request: 0.000046 seconds.
  path: Assets/Scripts/StopButton.cs
  artifactKey: Guid(a85dc8ba971ee47219c8361beb9be41e) Importer(2089858483,0ecaa5967403d082aa24f35e1b516d23)
Start importing Assets/Scripts/StopButton.cs using Guid(a85dc8ba971ee47219c8361beb9be41e) Importer(2089858483,0ecaa5967403d082aa24f35e1b516d23)  -> (artifact id: '53f5dd590b673e1542d523395eb2b3e2') in 0.006602 seconds
Number of updated asset objects reloaded before import = 0
Number of asset objects unloaded after import = 1
========================================================================
Received Import Request.
  Time since last request: 0.000069 seconds.
  path: Assets/_Scenes/02 Level_03.unity
  artifactKey: Guid(2f538ef20c3104f488436b77ec3ef02e) Importer(2089858483,0ecaa5967403d082aa24f35e1b516d23)
Start importing Assets/_Scenes/02 Level_03.unity using Guid(2f538ef20c3104f488436b77ec3ef02e) Importer(2089858483,0ecaa5967403d082aa24f35e1b516d23)  -> (artifact id: '8c2972adb70133ac660b00308a085aec') in 0.005151 seconds
Number of updated asset objects reloaded before import = 0
Number of asset objects unloaded after import = 1
========================================================================
Received Import Request.
  Time since last request: 0.000100 seconds.
  path: Assets/Animations/Gnome/Gnome.controller
  artifactKey: Guid(14d27bdd37db54e3f822f130408c19c7) Importer(2089858483,0ecaa5967403d082aa24f35e1b516d23)
Start importing Assets/Animations/Gnome/Gnome.controller using Guid(14d27bdd37db54e3f822f130408c19c7) Importer(2089858483,0ecaa5967403d082aa24f35e1b516d23)  -> (artifact id: 'b440fb31fb09453c76e934063ec9b35e') in 0.005911 seconds
Number of updated asset objects reloaded before import = 0
Number of asset objects unloaded after import = 12
========================================================================
Received Import Request.
  Time since last request: 0.000024 seconds.
  path: Assets/Scripts/PlayerPrefsManager.cs
  artifactKey: Guid(37eacdb52855943f7a0a54b89bff6b95) Importer(2089858483,0ecaa5967403d082aa24f35e1b516d23)
Start importing Assets/Scripts/PlayerPrefsManager.cs using Guid(37eacdb52855943f7a0a54b89bff6b95) Importer(2089858483,0ecaa5967403d082aa24f35e1b516d23)  -> (artifact id: 'fae26a250f1872abd1dd419ccc1cdb4a') in 0.005028 seconds
Number of updated asset objects reloaded before import = 0
Number of asset objects unloaded after import = 1
========================================================================
Received Import Request.
  Time since last request: 0.000080 seconds.
  path: Assets/Scripts/Shooter.cs
  artifactKey: Guid(15317e47cf34049589d54cf15320ef11) Importer(2089858483,0ecaa5967403d082aa24f35e1b516d23)
Start importing Assets/Scripts/Shooter.cs using Guid(15317e47cf34049589d54cf15320ef11) Importer(2089858483,0ecaa5967403d082aa24f35e1b516d23)  -> (artifact id: '154fd3232cb1a4fdf871c3d7287dd44d') in 0.004908 seconds
Number of updated asset objects reloaded before import = 0
Number of asset objects unloaded after import = 1
========================================================================
Received Import Request.
  Time since last request: 0.000150 seconds.
  path: Assets/Scripts/LevelManager.cs
  artifactKey: Guid(377f5e03982614d9cae4ea69d2bb9ff3) Importer(2089858483,0ecaa5967403d082aa24f35e1b516d23)
Start importing Assets/Scripts/LevelManager.cs using Guid(377f5e03982614d9cae4ea69d2bb9ff3) Importer(2089858483,0ecaa5967403d082aa24f35e1b516d23)  -> (artifact id: '31b83470d65cb27480ac87592936c72b') in 0.003933 seconds
Number of updated asset objects reloaded before import = 0
Number of asset objects unloaded after import = 1
========================================================================
Received Import Request.
  Time since last request: 0.000077 seconds.
  path: Assets/Animations/Star Trophy/trophy idle.anim
  artifactKey: Guid(33cd931e34af44ddf9cfc18dcfd0dc2e) Importer(2089858483,0ecaa5967403d082aa24f35e1b516d23)
Start importing Assets/Animations/Star Trophy/trophy idle.anim using Guid(33cd931e34af44ddf9cfc18dcfd0dc2e) Importer(2089858483,0ecaa5967403d082aa24f35e1b516d23)  -> (artifact id: '710f1d5d16a7a2e4a9c0a080b6b6a613') in 0.008877 seconds
Number of updated asset objects reloaded before import = 0
Number of asset objects unloaded after import = 1
========================================================================
Received Import Request.
  Time since last request: 0.000067 seconds.
  path: Assets/Animations/Lizard/_Lizard.controller
  artifactKey: Guid(0951e48f13e3044a59090726fd0aace9) Importer(2089858483,0ecaa5967403d082aa24f35e1b516d23)
Start importing Assets/Animations/Lizard/_Lizard.controller using Guid(0951e48f13e3044a59090726fd0aace9) Importer(2089858483,0ecaa5967403d082aa24f35e1b516d23)  -> (artifact id: 'ca361b40d24cc540837a0821e096e494') in 0.009055 seconds
Number of updated asset objects reloaded before import = 0
Number of asset objects unloaded after import = 11
========================================================================
Received Import Request.
  Time since last request: 0.000035 seconds.
  path: Assets/Scripts/GameTimer.cs
  artifactKey: Guid(624ffc1aebd094950abafe0197380835) Importer(2089858483,0ecaa5967403d082aa24f35e1b516d23)
Start importing Assets/Scripts/GameTimer.cs using Guid(624ffc1aebd094950abafe0197380835) Importer(2089858483,0ecaa5967403d082aa24f35e1b516d23)  -> (artifact id: 'dfbb8212b2a982865b3331d4246df802') in 0.006622 seconds
Number of updated asset objects reloaded before import = 0
Number of asset objects unloaded after import = 1
========================================================================
Received Import Request.
  Time since last request: 0.000092 seconds.
  path: Assets/_Scenes/00 Splash.unity
  artifactKey: Guid(21ce56ac4a4d8452f9e40ac250eb94c1) Importer(2089858483,0ecaa5967403d082aa24f35e1b516d23)
Start importing Assets/_Scenes/00 Splash.unity using Guid(21ce56ac4a4d8452f9e40ac250eb94c1) Importer(2089858483,0ecaa5967403d082aa24f35e1b516d23)  -> (artifact id: '06b56ccbcb027e216a650ed502b70245') in 0.004179 seconds
Number of updated asset objects reloaded before import = 0
Number of asset objects unloaded after import = 1
========================================================================
Received Import Request.
  Time since last request: 0.000195 seconds.
  path: Assets/Scripts/Health.cs
  artifactKey: Guid(f2b549c7a93d9417b8412ddc8c341cb9) Importer(2089858483,0ecaa5967403d082aa24f35e1b516d23)
Start importing Assets/Scripts/Health.cs using Guid(f2b549c7a93d9417b8412ddc8c341cb9) Importer(2089858483,0ecaa5967403d082aa24f35e1b516d23)  -> (artifact id: '55d2ad1c7670be7f37b3991c3f2ec1f8') in 0.004714 seconds
Number of updated asset objects reloaded before import = 0
Number of asset objects unloaded after import = 1
========================================================================
Received Import Request.
  Time since last request: 0.000082 seconds.
  path: Assets/Scripts/Shreddder.cs
  artifactKey: Guid(49a1da9f671504f3facdc75cc220b50b) Importer(2089858483,0ecaa5967403d082aa24f35e1b516d23)
Start importing Assets/Scripts/Shreddder.cs using Guid(49a1da9f671504f3facdc75cc220b50b) Importer(2089858483,0ecaa5967403d082aa24f35e1b516d23)  -> (artifact id: 'f01f67157565d0ade7d140651b89b61c') in 0.005368 seconds
Number of updated asset objects reloaded before import = 0
Number of asset objects unloaded after import = 1
========================================================================
Received Import Request.
  Time since last request: 0.000103 seconds.
  path: Assets/Animations/Lizard/lizard appearing.anim
  artifactKey: Guid(f8959e0ae15f741e3b892413ab427df9) Importer(2089858483,0ecaa5967403d082aa24f35e1b516d23)
Start importing Assets/Animations/Lizard/lizard appearing.anim using Guid(f8959e0ae15f741e3b892413ab427df9) Importer(2089858483,0ecaa5967403d082aa24f35e1b516d23)  -> (artifact id: '8060e0c4992ae92c5bda588ea6aaa3ef') in 0.008384 seconds
Number of updated asset objects reloaded before import = 0
Number of asset objects unloaded after import = 1
========================================================================
Received Import Request.
  Time since last request: 0.000066 seconds.
  path: Assets/Animations/Fox/attack.png
  artifactKey: Guid(c9d6ecf0adfed4fd990551604220e4a6) Importer(2089858483,0ecaa5967403d082aa24f35e1b516d23)
Start importing Assets/Animations/Fox/attack.png using Guid(c9d6ecf0adfed4fd990551604220e4a6) Importer(2089858483,0ecaa5967403d082aa24f35e1b516d23)  -> (artifact id: '13efb9d46523aff0010128c430da306a') in 0.083062 seconds
Number of updated asset objects reloaded before import = 0
Number of asset objects unloaded after import = 22
========================================================================
Received Import Request.
  Time since last request: 0.000029 seconds.
  path: Assets/Fonts/FunnyKid.ttf
  artifactKey: Guid(9a9a7bdde5c74434393a5b2846497384) Importer(2089858483,0ecaa5967403d082aa24f35e1b516d23)
Start importing Assets/Fonts/FunnyKid.ttf using Guid(9a9a7bdde5c74434393a5b2846497384) Importer(2089858483,0ecaa5967403d082aa24f35e1b516d23)  -> (artifact id: 'f86a58e44e23c795657d4ee9b62be20c') in 0.024778 seconds
Number of updated asset objects reloaded before import = 0
Number of asset objects unloaded after import = 3
========================================================================
Received Import Request.
  Time since last request: 0.000659 seconds.
  path: Assets/_Scenes/01a Start.unity
  artifactKey: Guid(a692638f4377e44b3aff6679c3a2e7a3) Importer(2089858483,0ecaa5967403d082aa24f35e1b516d23)
Start importing Assets/_Scenes/01a Start.unity using Guid(a692638f4377e44b3aff6679c3a2e7a3) Importer(2089858483,0ecaa5967403d082aa24f35e1b516d23)  -> (artifact id: 'c12a4be0ce9f79db032f9d917fbeb5d9') in 0.003898 seconds
Number of updated asset objects reloaded before import = 0
Number of asset objects unloaded after import = 1
========================================================================
Received Import Request.
  Time since last request: 0.000062 seconds.
  path: Assets/Animations/Lizard/walking.png
  artifactKey: Guid(4a3dacb38d6c049f7ac0ce1b8b4e85c6) Importer(2089858483,0ecaa5967403d082aa24f35e1b516d23)
Start importing Assets/Animations/Lizard/walking.png using Guid(4a3dacb38d6c049f7ac0ce1b8b4e85c6) Importer(2089858483,0ecaa5967403d082aa24f35e1b516d23)  -> (artifact id: '07c8bd32efed872a1345f5d3fb960566') in 0.089365 seconds
Number of updated asset objects reloaded before import = 0
Number of asset objects unloaded after import = 18
========================================================================
Received Import Request.
  Time since last request: 0.000042 seconds.
  path: Assets/Scripts/FadeIn.cs
  artifactKey: Guid(94fd4d5b7245447b1b846f96b846ef91) Importer(2089858483,0ecaa5967403d082aa24f35e1b516d23)
Start importing Assets/Scripts/FadeIn.cs using Guid(94fd4d5b7245447b1b846f96b846ef91) Importer(2089858483,0ecaa5967403d082aa24f35e1b516d23)  -> (artifact id: 'b9532a6a39b69960a2387724a4647187') in 0.005199 seconds
Number of updated asset objects reloaded before import = 0
Number of asset objects unloaded after import = 1
========================================================================
Received Import Request.
  Time since last request: 0.000087 seconds.
  path: Assets/_Scenes/01b Options.unity
  artifactKey: Guid(32dd43f2e204642789d4fd56b6be8573) Importer(2089858483,0ecaa5967403d082aa24f35e1b516d23)
Start importing Assets/_Scenes/01b Options.unity using Guid(32dd43f2e204642789d4fd56b6be8573) Importer(2089858483,0ecaa5967403d082aa24f35e1b516d23)  -> (artifact id: 'ae421aae6d01a943308c07fa6fd75b3f') in 0.004600 seconds
Number of updated asset objects reloaded before import = 0
Number of asset objects unloaded after import = 1
========================================================================
Received Import Request.
  Time since last request: 0.000083 seconds.
  path: Assets/Animations/Lizard/lizard walking.anim
  artifactKey: Guid(0e900fa4be83843a7950d7d7808abc0e) Importer(2089858483,0ecaa5967403d082aa24f35e1b516d23)
Start importing Assets/Animations/Lizard/lizard walking.anim using Guid(0e900fa4be83843a7950d7d7808abc0e) Importer(2089858483,0ecaa5967403d082aa24f35e1b516d23)  -> (artifact id: 'ab655e3f065ff18037c3bd19458bff8d') in 0.006289 seconds
Number of updated asset objects reloaded before import = 0
Number of asset objects unloaded after import = 1
========================================================================
Received Import Request.
  Time since last request: 0.000050 seconds.
  path: Assets/Scripts/MusicManager.cs
  artifactKey: Guid(b3ded142a6ad84616a8788f3f55f1308) Importer(2089858483,0ecaa5967403d082aa24f35e1b516d23)
Start importing Assets/Scripts/MusicManager.cs using Guid(b3ded142a6ad84616a8788f3f55f1308) Importer(2089858483,0ecaa5967403d082aa24f35e1b516d23)  -> (artifact id: '9dd9317179aa6b77b3e1e9b31c23d3dc') in 0.004210 seconds
Number of updated asset objects reloaded before import = 0
Number of asset objects unloaded after import = 1
========================================================================
Received Import Request.
  Time since last request: 0.000062 seconds.
  path: Assets/Animations/Cactus/zucchini__x1_iconic_png_1354830071.png
  artifactKey: Guid(1c130cbed8b18432f998c925a8bcf502) Importer(2089858483,0ecaa5967403d082aa24f35e1b516d23)
Start importing Assets/Animations/Cactus/zucchini__x1_iconic_png_1354830071.png using Guid(1c130cbed8b18432f998c925a8bcf502) Importer(2089858483,0ecaa5967403d082aa24f35e1b516d23)  -> (artifact id: '156fb880a01e82b6a6ed74f76066c4ec') in 0.023136 seconds
Number of updated asset objects reloaded before import = 0
Number of asset objects unloaded after import = 3
========================================================================
Received Import Request.
  Time since last request: 0.000022 seconds.
  path: Assets/Scripts/Attacker.cs
  artifactKey: Guid(d7a05235cea1343b9a049cf174cebe7b) Importer(2089858483,0ecaa5967403d082aa24f35e1b516d23)
Start importing Assets/Scripts/Attacker.cs using Guid(d7a05235cea1343b9a049cf174cebe7b) Importer(2089858483,0ecaa5967403d082aa24f35e1b516d23)  -> (artifact id: '845e7666786c4b271e51afaaa4530746') in 0.003736 seconds
Number of updated asset objects reloaded before import = 0
Number of asset objects unloaded after import = 1
========================================================================
Received Import Request.
  Time since last request: 0.000061 seconds.
  path: Assets/Animations/Fox/fox attack.anim
  artifactKey: Guid(8a934a05a124d4935a8607a7b9d10ebb) Importer(2089858483,0ecaa5967403d082aa24f35e1b516d23)
Start importing Assets/Animations/Fox/fox attack.anim using Guid(8a934a05a124d4935a8607a7b9d10ebb) Importer(2089858483,0ecaa5967403d082aa24f35e1b516d23)  -> (artifact id: '389366193812d73b77b7aeaf0e98a390') in 0.006233 seconds
Number of updated asset objects reloaded before import = 0
Number of asset objects unloaded after import = 1
========================================================================
Received Import Request.
  Time since last request: 0.000082 seconds.
  path: Assets/Animations/Projectiles/courgette flight.anim
  artifactKey: Guid(3e8521a4b00f44363a6f9dd5398dfae4) Importer(2089858483,0ecaa5967403d082aa24f35e1b516d23)
Start importing Assets/Animations/Projectiles/courgette flight.anim using Guid(3e8521a4b00f44363a6f9dd5398dfae4) Importer(2089858483,0ecaa5967403d082aa24f35e1b516d23)  -> (artifact id: '19501f3cda5f340333ed1cd1cc3405e0') in 0.008733 seconds
Number of updated asset objects reloaded before import = 0
Number of asset objects unloaded after import = 1
========================================================================
Received Import Request.
  Time since last request: 0.000072 seconds.
  path: Assets/Scripts/DefenderSpawner.cs
  artifactKey: Guid(0ae4286ecdca24e898ddf50a92f92cfa) Importer(2089858483,0ecaa5967403d082aa24f35e1b516d23)
Start importing Assets/Scripts/DefenderSpawner.cs using Guid(0ae4286ecdca24e898ddf50a92f92cfa) Importer(2089858483,0ecaa5967403d082aa24f35e1b516d23)  -> (artifact id: '70de0cc7964968868b3672df150ffdbc') in 0.003722 seconds
Number of updated asset objects reloaded before import = 0
Number of asset objects unloaded after import = 1
========================================================================
Received Import Request.
  Time since last request: 0.000085 seconds.
  path: Assets/Prefabs/Spawner.prefab
  artifactKey: Guid(84fa44bd503264e539d07d93bc011558) Importer(2089858483,0ecaa5967403d082aa24f35e1b516d23)
Start importing Assets/Prefabs/Spawner.prefab using Guid(84fa44bd503264e539d07d93bc011558) Importer(2089858483,0ecaa5967403d082aa24f35e1b516d23)  -> (artifact id: 'b20cf63f5e6efe2b6c79793f3efbf45d') in 0.014002 seconds
Number of updated asset objects reloaded before import = 0
Number of asset objects unloaded after import = 33
========================================================================
Received Import Request.
  Time since last request: 0.000031 seconds.
  path: Assets/Animations/Gravestone/gravestone idle.anim
  artifactKey: Guid(15877db25392044eaa5729fa6bf759d3) Importer(2089858483,0ecaa5967403d082aa24f35e1b516d23)
Start importing Assets/Animations/Gravestone/gravestone idle.anim using Guid(15877db25392044eaa5729fa6bf759d3) Importer(2089858483,0ecaa5967403d082aa24f35e1b516d23)  -> (artifact id: '4be327576e8ad6bf622525d4d0ec8f6c') in 0.005929 seconds
Number of updated asset objects reloaded before import = 0
Number of asset objects unloaded after import = 1
========================================================================
Received Import Request.
  Time since last request: 0.000053 seconds.
  path: Assets/Animations/Gnome/class_axe__x1_iconic_png_1354839797.png
  artifactKey: Guid(40e82290ecdef40ecb1bad1174e2e76a) Importer(2089858483,0ecaa5967403d082aa24f35e1b516d23)
Start importing Assets/Animations/Gnome/class_axe__x1_iconic_png_1354839797.png using Guid(40e82290ecdef40ecb1bad1174e2e76a) Importer(2089858483,0ecaa5967403d082aa24f35e1b516d23)  -> (artifact id: '3c287d27769a8b86edbbf2b9d74476f6') in 0.022938 seconds
Number of updated asset objects reloaded before import = 0
Number of asset objects unloaded after import = 3
========================================================================
Received Import Request.
  Time since last request: 0.000056 seconds.
  path: Assets/Animations/Star Trophy/_Star Trophy.controller
  artifactKey: Guid(1cf4efa50f6d24e768530d012eaaa192) Importer(2089858483,0ecaa5967403d082aa24f35e1b516d23)
Start importing Assets/Animations/Star Trophy/_Star Trophy.controller using Guid(1cf4efa50f6d24e768530d012eaaa192) Importer(2089858483,0ecaa5967403d082aa24f35e1b516d23)  -> (artifact id: 'c9a88545ae6089701baf9e8f7267220f') in 0.007173 seconds
Number of updated asset objects reloaded before import = 0
Number of asset objects unloaded after import = 8
========================================================================
Received Import Request.
  Time since last request: 0.000026 seconds.
  path: Assets/_Scenes/03b Lose.unity
  artifactKey: Guid(d6877206d171f48c4a731839b28a821b) Importer(2089858483,0ecaa5967403d082aa24f35e1b516d23)
Start importing Assets/_Scenes/03b Lose.unity using Guid(d6877206d171f48c4a731839b28a821b) Importer(2089858483,0ecaa5967403d082aa24f35e1b516d23)  -> (artifact id: '832b500c003ccf3b309af0fd83905af3') in 0.002862 seconds
Number of updated asset objects reloaded before import = 0
Number of asset objects unloaded after import = 1
========================================================================
Received Import Request.
  Time since last request: 0.000067 seconds.
  path: Assets/Animations/Cactus/idle.png
  artifactKey: Guid(65133ed4cbc87406bb84c3a98756d5ce) Importer(2089858483,0ecaa5967403d082aa24f35e1b516d23)
Start importing Assets/Animations/Cactus/idle.png using Guid(65133ed4cbc87406bb84c3a98756d5ce) Importer(2089858483,0ecaa5967403d082aa24f35e1b516d23)  -> (artifact id: 'da7e4daf9b11856906e5d07674862f7e') in 0.136882 seconds
Number of updated asset objects reloaded before import = 0
Number of asset objects unloaded after import = 46
========================================================================
Received Import Request.
  Time since last request: 0.000036 seconds.
  path: Assets/Animations/Gravestone/greeter_stone_stone_stoneRight_x1_1_png_1354840040.png
  artifactKey: Guid(60a711bbe6fcc41ec8ce652f3c4304eb) Importer(2089858483,0ecaa5967403d082aa24f35e1b516d23)
Start importing Assets/Animations/Gravestone/greeter_stone_stone_stoneRight_x1_1_png_1354840040.png using Guid(60a711bbe6fcc41ec8ce652f3c4304eb) Importer(2089858483,0ecaa5967403d082aa24f35e1b516d23)  -> (artifact id: '970848e2b2021f2aee8c99ec91306bbe') in 0.025691 seconds
Number of updated asset objects reloaded before import = 0
Number of asset objects unloaded after import = 3
========================================================================
Received Import Request.
  Time since last request: 0.000044 seconds.
  path: Assets/Scripts/Stone.cs
  artifactKey: Guid(81873ad4d76f046908c31450a1fac401) Importer(2089858483,0ecaa5967403d082aa24f35e1b516d23)
Start importing Assets/Scripts/Stone.cs using Guid(81873ad4d76f046908c31450a1fac401) Importer(2089858483,0ecaa5967403d082aa24f35e1b516d23)  -> (artifact id: '89966dd71d03a72a865355fd219b7ed8') in 0.003796 seconds
Number of updated asset objects reloaded before import = 0
Number of asset objects unloaded after import = 1
========================================================================
Received Import Request.
  Time since last request: 0.000069 seconds.
  path: Assets/Prefabs/Projectiles/Axe.prefab
  artifactKey: Guid(293cc16474f9b4c58840555c5e9ea904) Importer(2089858483,0ecaa5967403d082aa24f35e1b516d23)
Start importing Assets/Prefabs/Projectiles/Axe.prefab using Guid(293cc16474f9b4c58840555c5e9ea904) Importer(2089858483,0ecaa5967403d082aa24f35e1b516d23)  -> (artifact id: '97907b39e39d34e6d05942c6c481f84b') in 0.021363 seconds
Number of updated asset objects reloaded before import = 0
Number of asset objects unloaded after import = 17
========================================================================
Received Import Request.
  Time since last request: 0.000022 seconds.
  path: Assets/Animations/Gnome/gnome idle.anim
  artifactKey: Guid(2dc7a58afa5cb4e5ca575cb6aa976205) Importer(2089858483,0ecaa5967403d082aa24f35e1b516d23)
Start importing Assets/Animations/Gnome/gnome idle.anim using Guid(2dc7a58afa5cb4e5ca575cb6aa976205) Importer(2089858483,0ecaa5967403d082aa24f35e1b516d23)  -> (artifact id: '4ce18e2f339761c57bc55f9c75e87583') in 0.005400 seconds
Number of updated asset objects reloaded before import = 0
Number of asset objects unloaded after import = 1
========================================================================
Received Import Request.
  Time since last request: 0.000021 seconds.
  path: Assets/Images/Glitch_Fox_1600x900.jpg
  artifactKey: Guid(953911577f3e64107956e49c1e5b4de6) Importer(2089858483,0ecaa5967403d082aa24f35e1b516d23)
Start importing Assets/Images/Glitch_Fox_1600x900.jpg using Guid(953911577f3e64107956e49c1e5b4de6) Importer(2089858483,0ecaa5967403d082aa24f35e1b516d23)  -> (artifact id: '870910d8a1e3dc5dd8b6ac10a41c8119') in 0.026237 seconds
Number of updated asset objects reloaded before import = 0
Number of asset objects unloaded after import = 3
========================================================================
Received Import Request.
  Time since last request: 0.000023 seconds.
  path: Assets/Animations/Fox/fox jump.anim
  artifactKey: Guid(d9b7d05baff974312b1fa670963bb0e9) Importer(2089858483,0ecaa5967403d082aa24f35e1b516d23)
Start importing Assets/Animations/Fox/fox jump.anim using Guid(d9b7d05baff974312b1fa670963bb0e9) Importer(2089858483,0ecaa5967403d082aa24f35e1b516d23)  -> (artifact id: '7aba90f5cc2d6c66ac19c27ec986b76f') in 0.007346 seconds
Number of updated asset objects reloaded before import = 0
Number of asset objects unloaded after import = 1
========================================================================
Received Import Request.
  Time since last request: 0.000103 seconds.
  path: Assets/Scripts/Button.cs
  artifactKey: Guid(ebfda3fe4174f410ebf26f7a09cf9f1f) Importer(2089858483,0ecaa5967403d082aa24f35e1b516d23)
Start importing Assets/Scripts/Button.cs using Guid(ebfda3fe4174f410ebf26f7a09cf9f1f) Importer(2089858483,0ecaa5967403d082aa24f35e1b516d23)  -> (artifact id: '62b3f7ed278a35f0f4f56b80be6220cb') in 0.003623 seconds
Number of updated asset objects reloaded before import = 0
Number of asset objects unloaded after import = 1
========================================================================
Received Import Request.
  Time since last request: 0.000064 seconds.
  path: Assets/Sounds/game_loaded_2.mp3
  artifactKey: Guid(3cf6ad6287cbf42068bcc210b8935350) Importer(2089858483,0ecaa5967403d082aa24f35e1b516d23)
Start importing Assets/Sounds/game_loaded_2.mp3 using Guid(3cf6ad6287cbf42068bcc210b8935350) Importer(2089858483,0ecaa5967403d082aa24f35e1b516d23)  -> (artifact id: '2a394fffa07eb77077c105bd80d17d5a') in 0.075240 seconds
Number of updated asset objects reloaded before import = 0
Number of asset objects unloaded after import = 1
========================================================================
Received Import Request.
  Time since last request: 0.000104 seconds.
  path: Assets/_Scenes/02 Level_01.unity
  artifactKey: Guid(a95af51b985784ffaa52417e66bdc275) Importer(2089858483,0ecaa5967403d082aa24f35e1b516d23)
Start importing Assets/_Scenes/02 Level_01.unity using Guid(a95af51b985784ffaa52417e66bdc275) Importer(2089858483,0ecaa5967403d082aa24f35e1b516d23)  -> (artifact id: '1059a47440c9deea551e28bf210d7958') in 0.004169 seconds
Number of updated asset objects reloaded before import = 0
Number of asset objects unloaded after import = 1
========================================================================
Received Import Request.
  Time since last request: 0.000050 seconds.
  path: Assets/Prefabs/Attackers/Fox.prefab
  artifactKey: Guid(2c70665c11266425294518fa7677cf8e) Importer(2089858483,0ecaa5967403d082aa24f35e1b516d23)
Start importing Assets/Prefabs/Attackers/Fox.prefab using Guid(2c70665c11266425294518fa7677cf8e) Importer(2089858483,0ecaa5967403d082aa24f35e1b516d23)  -> (artifact id: '6ddee23546b863c1d40853057841f118') in 0.021999 seconds
Number of updated asset objects reloaded before import = 0
Number of asset objects unloaded after import = 27
========================================================================
Received Import Request.
  Time since last request: 0.000026 seconds.
  path: Assets/Animations/Star Trophy/trophy grow.anim
  artifactKey: Guid(7228b8e37641c4e798f70ff9f4dfd1c5) Importer(2089858483,0ecaa5967403d082aa24f35e1b516d23)
Start importing Assets/Animations/Star Trophy/trophy grow.anim using Guid(7228b8e37641c4e798f70ff9f4dfd1c5) Importer(2089858483,0ecaa5967403d082aa24f35e1b516d23)  -> (artifact id: 'ec13164ff2e9effdba323222fa15c03c') in 0.008815 seconds
Number of updated asset objects reloaded before import = 0
Number of asset objects unloaded after import = 1
========================================================================
Received Import Request.
  Time since last request: 0.000070 seconds.
  path: Assets/Animations/Fox/fox walk.anim
  artifactKey: Guid(2f8ea7854f55f455fa8e0bb2a083523d) Importer(2089858483,0ecaa5967403d082aa24f35e1b516d23)
Start importing Assets/Animations/Fox/fox walk.anim using Guid(2f8ea7854f55f455fa8e0bb2a083523d) Importer(2089858483,0ecaa5967403d082aa24f35e1b516d23)  -> (artifact id: 'c4404bf90daa749aac330de43d1525f1') in 0.007367 seconds
Number of updated asset objects reloaded before import = 0
Number of asset objects unloaded after import = 1
========================================================================
Received Import Request.
  Time since last request: 0.000123 seconds.
  path: Assets/Prefabs/Attackers/Lizard.prefab
  artifactKey: Guid(8031f13bd31eb4d89b9e6eea9a3c0417) Importer(2089858483,0ecaa5967403d082aa24f35e1b516d23)
Start importing Assets/Prefabs/Attackers/Lizard.prefab using Guid(8031f13bd31eb4d89b9e6eea9a3c0417) Importer(2089858483,0ecaa5967403d082aa24f35e1b516d23)  -> (artifact id: 'de2f27e5bc9c436bbd1976fef3faef7e') in 0.023669 seconds
Number of updated asset objects reloaded before import = 0
Number of asset objects unloaded after import = 26
========================================================================
Received Import Request.
  Time since last request: 0.000041 seconds.
  path: Assets/Animations/Fox/_Fox.controller
  artifactKey: Guid(599f325a49e9e49efbbd6c77d58a4c6f) Importer(2089858483,0ecaa5967403d082aa24f35e1b516d23)
Start importing Assets/Animations/Fox/_Fox.controller using Guid(599f325a49e9e49efbbd6c77d58a4c6f) Importer(2089858483,0ecaa5967403d082aa24f35e1b516d23)  -> (artifact id: '1a339833437a45a1ef5e5372b94f4920') in 0.007328 seconds
Number of updated asset objects reloaded before import = 0
Number of asset objects unloaded after import = 12
========================================================================
Received Import Request.
  Time since last request: 0.000046 seconds.
  path: Assets/Prefabs/Projectiles/Corgette.prefab
  artifactKey: Guid(ed236d828095f4153b11812a405290e8) Importer(2089858483,0ecaa5967403d082aa24f35e1b516d23)
Start importing Assets/Prefabs/Projectiles/Corgette.prefab using Guid(ed236d828095f4153b11812a405290e8) Importer(2089858483,0ecaa5967403d082aa24f35e1b516d23)  -> (artifact id: '6f22b3ef6683f983a2a5287619774311') in 0.018740 seconds
Number of updated asset objects reloaded before import = 0
Number of asset objects unloaded after import = 17
========================================================================
Received Import Request.
  Time since last request: 0.000250 seconds.
  path: Assets/Prefabs/Quit Button.prefab
  artifactKey: Guid(ff8089191c1fd4eafaa841094fed9520) Importer(2089858483,0ecaa5967403d082aa24f35e1b516d23)
Start importing Assets/Prefabs/Quit Button.prefab using Guid(ff8089191c1fd4eafaa841094fed9520) Importer(2089858483,0ecaa5967403d082aa24f35e1b516d23)  -> (artifact id: '4e3ad0e34ff3e00da3486dce39454c73') in 0.022429 seconds
Number of updated asset objects reloaded before import = 0
Number of asset objects unloaded after import = 13
========================================================================
Received Import Request.
  Time since last request: 0.000025 seconds.
  path: Assets/Prefabs/Defenders/Grave Stone.prefab
  artifactKey: Guid(e64ab3b56d713422cbdfb4df9d5342e2) Importer(2089858483,0ecaa5967403d082aa24f35e1b516d23)
Start importing Assets/Prefabs/Defenders/Grave Stone.prefab using Guid(e64ab3b56d713422cbdfb4df9d5342e2) Importer(2089858483,0ecaa5967403d082aa24f35e1b516d23)  -> (artifact id: '5bf8fadd4051de7b01ef2e1c7d6c0add') in 0.014364 seconds
Number of updated asset objects reloaded before import = 0
Number of asset objects unloaded after import = 22
========================================================================
Received Import Request.
  Time since last request: 0.000025 seconds.
  path: Assets/Prefabs/Game Camera.prefab
  artifactKey: Guid(2bfe2b1bf4a544646aaf0e0ec87a34cd) Importer(2089858483,0ecaa5967403d082aa24f35e1b516d23)
Start importing Assets/Prefabs/Game Camera.prefab using Guid(2bfe2b1bf4a544646aaf0e0ec87a34cd) Importer(2089858483,0ecaa5967403d082aa24f35e1b516d23)  -> (artifact id: 'd2afbe0f98e051d8bcd581e84878b2ee') in 0.021712 seconds
Number of updated asset objects reloaded before import = 0
Number of asset objects unloaded after import = 7
========================================================================
Received Import Request.
  Time since last request: 0.000051 seconds.
  path: Assets/Prefabs/Defenders/Star Trophy.prefab
  artifactKey: Guid(78e28c05c1b66419db6d12f90d173661) Importer(2089858483,0ecaa5967403d082aa24f35e1b516d23)
Start importing Assets/Prefabs/Defenders/Star Trophy.prefab using Guid(78e28c05c1b66419db6d12f90d173661) Importer(2089858483,0ecaa5967403d082aa24f35e1b516d23)  -> (artifact id: '79a0762e6fee6179801e05f156420182') in 0.015763 seconds
Number of updated asset objects reloaded before import = 0
Number of asset objects unloaded after import = 32
========================================================================
Received Import Request.
  Time since last request: 0.000021 seconds.
  path: Assets/Animations/Projectiles/axe flight.anim
  artifactKey: Guid(3d7b3675c15674e16a5641e819c4acad) Importer(2089858483,0ecaa5967403d082aa24f35e1b516d23)
Start importing Assets/Animations/Projectiles/axe flight.anim using Guid(3d7b3675c15674e16a5641e819c4acad) Importer(2089858483,0ecaa5967403d082aa24f35e1b516d23)  -> (artifact id: '0e3ac3073a80cf6c754c5bd77046249c') in 0.006390 seconds
Number of updated asset objects reloaded before import = 0
Number of asset objects unloaded after import = 1
